  Emulator.cpp
e:\desktop\uwe resources & video notes\cans\emulator\emulator\emulator.cpp(470): warning C4060: switch statement contains no 'case' or 'default' labels
e:\desktop\uwe resources & video notes\cans\emulator\emulator\emulator.cpp(465): warning C4101: 'temp_word': unreferenced local variable
e:\desktop\uwe resources & video notes\cans\emulator\emulator\emulator.cpp(467): warning C4101: 'param2': unreferenced local variable
e:\desktop\uwe resources & video notes\cans\emulator\emulator\emulator.cpp(466): warning C4101: 'param1': unreferenced local variable
e:\desktop\uwe resources & video notes\cans\emulator\emulator\emulator.cpp(490): warning C4244: '=': conversion from 'unsigned short' to 'unsigned char', possible loss of data
e:\desktop\uwe resources & video notes\cans\emulator\emulator\emulator.cpp(541): warning C4244: '=': conversion from 'unsigned short' to 'unsigned char', possible loss of data
e:\desktop\uwe resources & video notes\cans\emulator\emulator\emulator.cpp(749): warning C4244: '=': conversion from 'unsigned short' to 'unsigned char', possible loss of data
e:\desktop\uwe resources & video notes\cans\emulator\emulator\emulator.cpp(759): warning C4244: '=': conversion from 'unsigned short' to 'unsigned char', possible loss of data
e:\desktop\uwe resources & video notes\cans\emulator\emulator\emulator.cpp(769): warning C4244: '=': conversion from 'unsigned short' to 'unsigned char', possible loss of data
e:\desktop\uwe resources & video notes\cans\emulator\emulator\emulator.cpp(780): warning C4244: '=': conversion from 'unsigned short' to 'unsigned char', possible loss of data
e:\desktop\uwe resources & video notes\cans\emulator\emulator\emulator.cpp(787): warning C4244: '=': conversion from 'unsigned short' to 'unsigned char', possible loss of data
e:\desktop\uwe resources & video notes\cans\emulator\emulator\emulator.cpp(1064): warning C4996: 'fopen': This function or variable may be unsafe. Consider using fopen_s instead. To disable deprecation, use _CRT_SECURE_NO_WARNINGS. See online help for details.
  c:\program files (x86)\windows kits\10\include\10.0.16299.0\ucrt\stdio.h(207): note: see declaration of 'fopen'
e:\desktop\uwe resources & video notes\cans\emulator\emulator\emulator.cpp(1078): warning C4996: 'fopen': This function or variable may be unsafe. Consider using fopen_s instead. To disable deprecation, use _CRT_SECURE_NO_WARNINGS. See online help for details.
  c:\program files (x86)\windows kits\10\include\10.0.16299.0\ucrt\stdio.h(207): note: see declaration of 'fopen'
e:\desktop\uwe resources & video notes\cans\emulator\emulator\emulator.cpp(1147): warning C4244: '=': conversion from '_TCHAR' to 'char', possible loss of data
e:\desktop\uwe resources & video notes\cans\emulator\emulator\emulator.cpp(1156): warning C4244: '=': conversion from '_TCHAR' to 'char', possible loss of data
e:\desktop\uwe resources & video notes\cans\emulator\emulator\emulator.cpp(1234): warning C4996: 'fopen': This function or variable may be unsafe. Consider using fopen_s instead. To disable deprecation, use _CRT_SECURE_NO_WARNINGS. See online help for details.
  c:\program files (x86)\windows kits\10\include\10.0.16299.0\ucrt\stdio.h(207): note: see declaration of 'fopen'
e:\desktop\uwe resources & video notes\cans\emulator\emulator\emulator.cpp(1240): warning C4996: 'sscanf': This function or variable may be unsafe. Consider using sscanf_s instead. To disable deprecation, use _CRT_SECURE_NO_WARNINGS. See online help for details.
  c:\program files (x86)\windows kits\10\include\10.0.16299.0\ucrt\stdio.h(2261): note: see declaration of 'sscanf'
e:\desktop\uwe resources & video notes\cans\emulator\emulator\emulator.cpp(1242): warning C4996: 'sscanf': This function or variable may be unsafe. Consider using sscanf_s instead. To disable deprecation, use _CRT_SECURE_NO_WARNINGS. See online help for details.
  c:\program files (x86)\windows kits\10\include\10.0.16299.0\ucrt\stdio.h(2261): note: see declaration of 'sscanf'
e:\desktop\uwe resources & video notes\cans\emulator\emulator\emulator.cpp(1268): warning C4996: 'sprintf': This function or variable may be unsafe. Consider using sprintf_s instead. To disable deprecation, use _CRT_SECURE_NO_WARNINGS. See online help for details.
  c:\program files (x86)\windows kits\10\include\10.0.16299.0\ucrt\stdio.h(1772): note: see declaration of 'sprintf'
e:\desktop\uwe resources & video notes\cans\emulator\emulator\emulator.cpp(1307): warning C4996: 'sprintf': This function or variable may be unsafe. Consider using sprintf_s instead. To disable deprecation, use _CRT_SECURE_NO_WARNINGS. See online help for details.
  c:\program files (x86)\windows kits\10\include\10.0.16299.0\ucrt\stdio.h(1772): note: see declaration of 'sprintf'
e:\desktop\uwe resources & video notes\cans\emulator\emulator\emulator.cpp(1317): warning C4996: 'sscanf': This function or variable may be unsafe. Consider using sscanf_s instead. To disable deprecation, use _CRT_SECURE_NO_WARNINGS. See online help for details.
  c:\program files (x86)\windows kits\10\include\10.0.16299.0\ucrt\stdio.h(2261): note: see declaration of 'sscanf'
e:\desktop\uwe resources & video notes\cans\emulator\emulator\emulator.cpp(1321): warning C4996: 'sscanf': This function or variable may be unsafe. Consider using sscanf_s instead. To disable deprecation, use _CRT_SECURE_NO_WARNINGS. See online help for details.
  c:\program files (x86)\windows kits\10\include\10.0.16299.0\ucrt\stdio.h(2261): note: see declaration of 'sscanf'
e:\desktop\uwe resources & video notes\cans\emulator\emulator\emulator.cpp(1361): warning C4996: 'sscanf': This function or variable may be unsafe. Consider using sscanf_s instead. To disable deprecation, use _CRT_SECURE_NO_WARNINGS. See online help for details.
  c:\program files (x86)\windows kits\10\include\10.0.16299.0\ucrt\stdio.h(2261): note: see declaration of 'sscanf'
e:\desktop\uwe resources & video notes\cans\emulator\emulator\emulator.cpp(1363): warning C4996: 'sscanf': This function or variable may be unsafe. Consider using sscanf_s instead. To disable deprecation, use _CRT_SECURE_NO_WARNINGS. See online help for details.
  c:\program files (x86)\windows kits\10\include\10.0.16299.0\ucrt\stdio.h(2261): note: see declaration of 'sscanf'
e:\desktop\uwe resources & video notes\cans\emulator\emulator\emulator.cpp(1388): warning C4996: 'sprintf': This function or variable may be unsafe. Consider using sprintf_s instead. To disable deprecation, use _CRT_SECURE_NO_WARNINGS. See online help for details.
  c:\program files (x86)\windows kits\10\include\10.0.16299.0\ucrt\stdio.h(1772): note: see declaration of 'sprintf'
e:\desktop\uwe resources & video notes\cans\emulator\emulator\emulator.cpp(1432): warning C4996: 'inet_addr': Use inet_pton() or InetPton() instead or define _WINSOCK_DEPRECATED_NO_WARNINGS to disable deprecated API warnings
  c:\program files (x86)\windows kits\10\include\10.0.16299.0\um\winsock2.h(1830): note: see declaration of 'inet_addr'
e:\desktop\uwe resources & video notes\cans\emulator\emulator\emulator.cpp(1437): warning C4996: 'inet_addr': Use inet_pton() or InetPton() instead or define _WINSOCK_DEPRECATED_NO_WARNINGS to disable deprecated API warnings
  c:\program files (x86)\windows kits\10\include\10.0.16299.0\um\winsock2.h(1830): note: see declaration of 'inet_addr'
  Emulator.vcxproj -> E:\Desktop\UWE RESOURCES & VIDEO NOTES\CaNS\Emulator\Debug\Emulator.exe
